<?xml version="1.0" encoding="UTF-8"?>
<testsuite xmlns:xsi="http://www.w3.org/2001/XMLSchema-instance" xsi:noNamespaceSchemaLocation="https://maven.apache.org/surefire/maven-surefire-plugin/xsd/surefire-test-report-3.0.xsd" version="3.0" name="pt.ua.tqs.moliceiro.meals.MoliceiroMealsApplicationTests" time="12.722" tests="2" errors="0" skipped="0" failures="0">
  <properties>
[...]
</properties>
  <testcase name="testRestaurantRepository" classname="pt.ua.tqs.moliceiro.meals.MoliceiroMealsApplicationTests" time="0.105">
    <system-out><![CDATA[23:04:32.380 [main] INFO org.springframework.test.context.support.AnnotationConfigContextLoaderUtils -- Could not detect default configuration classes for test class [pt.ua.tqs.moliceiro.meals.MoliceiroMealsApplicationTests]: MoliceiroMealsApplicationTests does not declare any static, non-private, non-final, nested classes annotated with @Configuration.
23:04:32.692 [main] INFO org.springframework.boot.test.context.SpringBootTestContextBootstrapper -- Found @SpringBootConfiguration pt.ua.tqs.moliceiro.meals.MoliceiroMealsApplication for test class pt.ua.tqs.moliceiro.meals.MoliceiroMealsApplicationTests
23:04:32.967 [main] INFO org.testcontainers.images.PullPolicy -- Image pull policy will be performed by: DefaultPullPolicy()
23:04:32.970 [main] INFO org.testcontainers.utility.ImageNameSubstitutor -- Image name substitution will be performed by: DefaultImageNameSubstitutor (composite of 'ConfigurationFileImageNameSubstitutor' and 'PrefixingImageNameSubstitutor')
23:04:33.524 [main] INFO org.testcontainers.dockerclient.DockerClientProviderStrategy -- Loaded org.testcontainers.dockerclient.UnixSocketClientProviderStrategy from ~/.testcontainers.properties, will try it first
23:04:34.119 [main] INFO org.testcontainers.dockerclient.DockerClientProviderStrategy -- Found Docker environment with local Unix socket (unix:///var/run/docker.sock)
23:04:34.123 [main] INFO org.testcontainers.DockerClientFactory -- Docker host IP address is localhost
23:04:34.151 [main] INFO org.testcontainers.DockerClientFactory -- Connected to docker: 
  Server Version: 25.0.2
  API Version: 1.44
  Operating System: Ubuntu 23.04
  Total Memory: 15829 MB
23:04:34.199 [main] INFO tc.testcontainers/ryuk:0.6.0 -- Creating container for image: testcontainers/ryuk:0.6.0
23:04:34.393 [main] INFO tc.testcontainers/ryuk:0.6.0 -- Container testcontainers/ryuk:0.6.0 is starting: 8e8f7471640f0cd0b4c0935f03d864f2f8b171b92ad0b416c2af46f0374c55c9
23:04:34.795 [main] INFO tc.testcontainers/ryuk:0.6.0 -- Container testcontainers/ryuk:0.6.0 started in PT0.595956039S
23:04:34.804 [main] INFO org.testcontainers.utility.RyukResourceReaper -- Ryuk started - will monitor and terminate Testcontainers containers on JVM exit
23:04:34.804 [main] INFO org.testcontainers.DockerClientFactory -- Checking the system...
23:04:34.806 [main] INFO org.testcontainers.DockerClientFactory -- ✔︎ Docker server version should be at least 1.6.0
23:04:34.807 [main] INFO tc.postgres:15-alpine -- Creating container for image: postgres:15-alpine
23:04:34.851 [main] INFO tc.postgres:15-alpine -- Container postgres:15-alpine is starting: b4803059ffbdcaa14be3c4dc0aa0a8db4c77275d28357999d597fd50255dae0a
23:04:37.105 [main] INFO tc.postgres:15-alpine -- Container postgres:15-alpine started in PT2.298063276S
23:04:37.106 [main] INFO tc.postgres:15-alpine -- Container is started (JDBC URL: jdbc:postgresql://localhost:33146/testdb?loggerLevel=OFF)
23:04:37.150 [main] INFO org.springframework.boot.devtools.restart.RestartApplicationListener -- Restart disabled due to context in which it is running

  .   ____          _            __ _ _
 /\\ / ___'_ __ _ _(_)_ __  __ _ \ \ \ \
( ( )\___ | '_ | '_| | '_ \/ _` | \ \ \ \
 \\/  ___)| |_)| | | | | || (_| |  ) ) ) )
  '  |____| .__|_| |_|_| |_\__, | / / / /
 =========|_|==============|___/=/_/_/_/
 :: Spring Boot ::                (v3.2.5)

2025-04-09T23:04:37.701+01:00  INFO 1878996 --- [           main] p.u.t.m.m.MoliceiroMealsApplicationTests : Starting MoliceiroMealsApplicationTests using Java 21.0.6 with PID 1878996 (started by ugo in /home/ugo/Desktop/UA/3ano/2semestre/TQS/P/TQS_HW1)
2025-04-09T23:04:37.702+01:00  INFO 1878996 --- [           main] p.u.t.m.m.MoliceiroMealsApplicationTests : No active profile set, falling back to 1 default profile: "default"
2025-04-09T23:04:39.303+01:00  INFO 1878996 --- [           main] .s.d.r.c.RepositoryConfigurationDelegate : Bootstrapping Spring Data JPA repositories in DEFAULT mode.
2025-04-09T23:04:39.355+01:00  INFO 1878996 --- [           main] .s.d.r.c.RepositoryConfigurationDelegate : Finished Spring Data repository scanning in 43 ms. Found 4 JPA repository interfaces.
2025-04-09T23:04:39.587+01:00  INFO 1878996 --- [           main] o.s.cloud.context.scope.GenericScope     : BeanFactory id=411d434b-cb6c-32a8-9c12-3c8d01d1f461
2025-04-09T23:04:40.375+01:00  INFO 1878996 --- [           main] o.hibernate.jpa.internal.util.LogHelper  : HHH000204: Processing PersistenceUnitInfo [name: default]
2025-04-09T23:04:40.427+01:00  INFO 1878996 --- [           main] org.hibernate.Version                    : HHH000412: Hibernate ORM core version 6.4.4.Final
2025-04-09T23:04:40.457+01:00  INFO 1878996 --- [           main] o.h.c.internal.RegionFactoryInitiator    : HHH000026: Second-level cache disabled
2025-04-09T23:04:40.563+01:00  INFO 1878996 --- [           main] o.s.o.j.p.SpringPersistenceUnitInfo      : No LoadTimeWeaver setup: ignoring JPA class transformer
2025-04-09T23:04:40.601+01:00  INFO 1878996 --- [           main] com.zaxxer.hikari.HikariDataSource       : HikariPool-1 - Starting...
2025-04-09T23:04:40.811+01:00  INFO 1878996 --- [           main] com.zaxxer.hikari.pool.HikariPool        : HikariPool-1 - Added connection org.postgresql.jdbc.PgConnection@1cd4082a
2025-04-09T23:04:40.812+01:00  INFO 1878996 --- [           main] com.zaxxer.hikari.HikariDataSource       : HikariPool-1 - Start completed.
2025-04-09T23:04:40.836+01:00  WARN 1878996 --- [           main] org.hibernate.orm.deprecation            : HHH90000025: PostgreSQLDialect does not need to be specified explicitly using 'hibernate.dialect' (remove the property setting and it will be selected by default)
2025-04-09T23:04:41.584+01:00  INFO 1878996 --- [           main] o.h.e.t.j.p.i.JtaPlatformInitiator       : HHH000489: No JTA platform available (set 'hibernate.transaction.jta.platform' to enable JTA platform integration)
Hibernate: 
    alter table if exists meals 
       drop constraint if exists FKbgjh8qhpl94lso4d5l6nbiyry
2025-04-09T23:04:41.601+01:00  WARN 1878996 --- [           main] o.h.engine.jdbc.spi.SqlExceptionHelper   : SQL Warning Code: 0, SQLState: 00000
2025-04-09T23:04:41.602+01:00  WARN 1878996 --- [           main] o.h.engine.jdbc.spi.SqlExceptionHelper   : relation "meals" does not exist, skipping
Hibernate: 
    alter table if exists reservations 
       drop constraint if exists FKgs1oslpypqv79fn296j6chtu6
2025-04-09T23:04:41.603+01:00  WARN 1878996 --- [           main] o.h.engine.jdbc.spi.SqlExceptionHelper   : SQL Warning Code: 0, SQLState: 00000
2025-04-09T23:04:41.604+01:00  WARN 1878996 --- [           main] o.h.engine.jdbc.spi.SqlExceptionHelper   : relation "reservations" does not exist, skipping
Hibernate: 
    drop table if exists meals cascade
2025-04-09T23:04:41.605+01:00  WARN 1878996 --- [           main] o.h.engine.jdbc.spi.SqlExceptionHelper   : SQL Warning Code: 0, SQLState: 00000
2025-04-09T23:04:41.605+01:00  WARN 1878996 --- [           main] o.h.engine.jdbc.spi.SqlExceptionHelper   : table "meals" does not exist, skipping
Hibernate: 
    drop table if exists reservations cascade
2025-04-09T23:04:41.605+01:00  WARN 1878996 --- [           main] o.h.engine.jdbc.spi.SqlExceptionHelper   : SQL Warning Code: 0, SQLState: 00000
2025-04-09T23:04:41.605+01:00  WARN 1878996 --- [           main] o.h.engine.jdbc.spi.SqlExceptionHelper   : table "reservations" does not exist, skipping
Hibernate: 
    drop table if exists restaurants cascade
2025-04-09T23:04:41.607+01:00  WARN 1878996 --- [           main] o.h.engine.jdbc.spi.SqlExceptionHelper   : SQL Warning Code: 0, SQLState: 00000
2025-04-09T23:04:41.608+01:00  WARN 1878996 --- [           main] o.h.engine.jdbc.spi.SqlExceptionHelper   : table "restaurants" does not exist, skipping
Hibernate: 
    drop table if exists weather_forecasts cascade
2025-04-09T23:04:41.610+01:00  WARN 1878996 --- [           main] o.h.engine.jdbc.spi.SqlExceptionHelper   : SQL Warning Code: 0, SQLState: 00000
2025-04-09T23:04:41.610+01:00  WARN 1878996 --- [           main] o.h.engine.jdbc.spi.SqlExceptionHelper   : table "weather_forecasts" does not exist, skipping
Hibernate: 
    create table meals (
        date date not null,
        price float(53) not null,
        id bigserial not null,
        restaurant_id bigint not null,
        description varchar(255) not null,
        meal_type varchar(255) not null,
        name varchar(255) not null,
        primary key (id)
    )
Hibernate: 
    create table reservations (
        is_used boolean not null,
        number_of_people integer not null,
        id bigserial not null,
        meal_id bigint not null,
        reservation_time timestamp(6) not null,
        customer_email varchar(255) not null,
        customer_name varchar(255) not null,
        reservation_code varchar(255) not null unique,
        status varchar(255) not null check (status in ('PENDING','ACTIVE','COMPLETED','CANCELED')),
        primary key (id)
    )
Hibernate: 
    create table restaurants (
        capacity integer not null,
        id bigserial not null,
        location varchar(255) not null,
        name varchar(255) not null,
        operating_hours varchar(255) not null,
        primary key (id)
    )
Hibernate: 
    create table weather_forecasts (
        date date not null,
        humidity float(53) not null,
        temperature float(53) not null,
        wind_speed float(53) not null,
        id bigserial not null,
        timestamp bigint not null,
        description varchar(255) not null,
        location varchar(255) not null,
        primary key (id)
    )
Hibernate: 
    alter table if exists meals 
       add constraint FKbgjh8qhpl94lso4d5l6nbiyry 
       foreign key (restaurant_id) 
       references restaurants
Hibernate: 
    alter table if exists reservations 
       add constraint FKgs1oslpypqv79fn296j6chtu6 
       foreign key (meal_id) 
       references meals
2025-04-09T23:04:41.646+01:00  INFO 1878996 --- [           main] j.LocalContainerEntityManagerFactoryBean : Initialized JPA EntityManagerFactory for persistence unit 'default'
2025-04-09T23:04:42.515+01:00  WARN 1878996 --- [           main] JpaBaseConfiguration$JpaWebConfiguration : spring.jpa.open-in-view is enabled by default. Therefore, database queries may be performed during view rendering. Explicitly configure spring.jpa.open-in-view to disable this warning
2025-04-09T23:04:42.900+01:00  INFO 1878996 --- [           main] o.s.b.a.w.s.WelcomePageHandlerMapping    : Adding welcome page: class path resource [static/index.html]
2025-04-09T23:04:44.205+01:00  INFO 1878996 --- [           main] o.s.b.a.e.web.EndpointLinksResolver      : Exposing 1 endpoint(s) beneath base path '/actuator'
2025-04-09T23:04:44.318+01:00  INFO 1878996 --- [           main] p.u.t.m.m.MoliceiroMealsApplicationTests : Started MoliceiroMealsApplicationTests in 7.181 seconds (process running for 16.774)
Hibernate: 
    insert 
    into
        restaurants
        (capacity, location, name, operating_hours) 
    values
        (?, ?, ?, ?)
]]></system-out>
  </testcase>
  <testcase name="contextLoads" classname="pt.ua.tqs.moliceiro.meals.MoliceiroMealsApplicationTests" time="0.004"/>
</testsuite>